

> website@0.1.0 build /Users/kate/Developer/react/aperturs/aperturs-t3/apps/web
> next build

  [1m[38;2;173;127;168m ▲ Next.js 14.1.0[39m[22m
   - Environments: .env
   - Experiments (use at your own risk):
     · turbo

 [37m[1m [22m[39m Creating an optimized production build ...
 [32m[1m✓[22m[39m Compiled successfully
[?25l [37m[1m [22m[39m Linting and checking validity of types  [36m.[39m[2K[1G [37m[1m [22m[39m Linting and checking validity of types  [36m..[39m[2K[1G [37m[1m [22m[39m Linting and checking validity of types  [36m...[39m[2K[1G [37m[1m [22m[39m Linting and checking validity of types  [36m.[39m[2K[1G [37m[1m [22m[39m Linting and checking validity of types  [36m..[39m[2K[1G [37m[1m [22m[39m Linting and checking validity of types  [36m...[39m [31m[1m⨯[22m[39m ESLint: Failed to load config "@aperturs/eslint-config/library.js" to extend from. Referenced from: /Users/kate/Developer/react/aperturs/aperturs-t3/.eslintrc.js
[2K[1G [37m[1m [22m[39m Linting and checking validity of types  [36m.[39m[2K[1G [37m[1m [22m[39m Linting and checking validity of types  [36m..[39m[2K[1G [37m[1m [22m[39m Linting and checking validity of types  [36m...[39m[2K[1G [37m[1m [22m[39m Linting and checking validity of types  [36m.[39m[2K[1G [37m[1m [22m[39m Linting and checking validity of types  [36m..[39m[2K[1G [37m[1m [22m[39m Linting and checking validity of types  [36m...[39m[2K[1G [37m[1m [22m[39m Linting and checking validity of types  [36m.[39m[2K[1G [37m[1m [22m[39m Linting and checking validity of types  [36m..[39m[2K[1G[?25h [37m[1m [22m[39m Linting and checking validity of types     [32m[1m✓[22m[39m Linting and checking validity of types 
[?25l [37m[1m [22m[39m Collecting page data  [36m.[39m[2K[1G [37m[1m [22m[39m Collecting page data  [36m..[39m[2K[1G [37m[1m [22m[39m Collecting page data  [36m...[39m[2K[1G [37m[1m [22m[39m Collecting page data  [36m.[39m[2K[1G [37m[1m [22m[39m Collecting page data  [36m..[39m[2K[1G[?25h [37m[1m [22m[39m Collecting page data     [32m[1m✓[22m[39m Collecting page data 
[?25l [37m[1m [22m[39m Generating static pages (0/30)  [36m[    ][39m[2K[1G [37m[1m [22m[39m Generating static pages (0/30)  [36m[=   ][39m  [37m[1m [22m[39m Generating static pages (16/30) 
c [TRPCClientError]: Dynamic server usage: Page couldn't be rendered statically because it used `cookies`. See more info here: https://nextjs.org/docs/messages/dynamic-server-error
    at c.from (/Users/kate/Developer/react/aperturs/aperturs-t3/apps/web/.next/server/chunks/8038.js:1:2755)
    at /Users/kate/Developer/react/aperturs/aperturs-t3/apps/web/.next/server/chunks/8038.js:5:2192 {
  meta: undefined,
  shape: undefined,
  data: undefined,
  [cause]: o [Error]: Dynamic server usage: Page couldn't be rendered statically because it used `cookies`. See more info here: https://nextjs.org/docs/messages/dynamic-server-error
      at d (/Users/kate/Developer/react/aperturs/aperturs-t3/apps/web/.next/server/chunks/4677.js:1:4077)
      at c (/Users/kate/Developer/react/aperturs/aperturs-t3/apps/web/.next/server/chunks/4677.js:1:1555)
      at /Users/kate/Developer/react/aperturs/aperturs-t3/apps/web/.next/server/app/(personal)/dashboard/page.js:1:13214
      at /Users/kate/Developer/react/aperturs/aperturs-t3/node_modules/.pnpm/next@14.1.0_react-dom@18.2.0_react@18.2.0/node_modules/next/dist/compiled/next-server/app-page.runtime.prod.js:12:182068
      at /Users/kate/Developer/react/aperturs/aperturs-t3/apps/web/.next/server/app/(personal)/dashboard/page.js:1:13385
      at Object.subscribe (/Users/kate/Developer/react/aperturs/aperturs-t3/apps/web/.next/server/chunks/8038.js:5:5299)
      at Object.subscribe (/Users/kate/Developer/react/aperturs/aperturs-t3/apps/web/.next/server/chunks/8038.js:5:849)
      at /Users/kate/Developer/react/aperturs/aperturs-t3/apps/web/.next/server/chunks/8038.js:5:977
      at Object.subscribe (/Users/kate/Developer/react/aperturs/aperturs-t3/apps/web/.next/server/chunks/8038.js:5:5299)
      at /Users/kate/Developer/react/aperturs/aperturs-t3/apps/web/.next/server/chunks/8038.js:5:1437 {
    description: "Page couldn't be rendered statically because it used `cookies`. See more info here: https://nextjs.org/docs/messages/dynamic-server-error",
    digest: 'DYNAMIC_SERVER_USAGE'
  }
}
c [TRPCClientError]: Dynamic server usage: Page couldn't be rendered statically because it used `cookies`. See more info here: https://nextjs.org/docs/messages/dynamic-server-error
    at c.from (/Users/kate/Developer/react/aperturs/aperturs-t3/apps/web/.next/server/chunks/8038.js:1:2755)
    at /Users/kate/Developer/react/aperturs/aperturs-t3/apps/web/.next/server/chunks/8038.js:5:2192 {
  meta: undefined,
  shape: undefined,
  data: undefined,
  [cause]: o [Error]: Dynamic server usage: Page couldn't be rendered statically because it used `cookies`. See more info here: https://nextjs.org/docs/messages/dynamic-server-error
      at d (/Users/kate/Developer/react/aperturs/aperturs-t3/apps/web/.next/server/chunks/4677.js:1:4077)
      at c (/Users/kate/Developer/react/aperturs/aperturs-t3/apps/web/.next/server/chunks/4677.js:1:1555)
      at /Users/kate/Developer/react/aperturs/aperturs-t3/apps/web/.next/server/app/(personal)/dashboard/page.js:1:13214
      at /Users/kate/Developer/react/aperturs/aperturs-t3/node_modules/.pnpm/next@14.1.0_react-dom@18.2.0_react@18.2.0/node_modules/next/dist/compiled/next-server/app-page.runtime.prod.js:12:182068
      at /Users/kate/Developer/react/aperturs/aperturs-t3/apps/web/.next/server/app/(personal)/dashboard/page.js:1:13385
      at Object.subscribe (/Users/kate/Developer/react/aperturs/aperturs-t3/apps/web/.next/server/chunks/8038.js:5:5299)
      at Object.subscribe (/Users/kate/Developer/react/aperturs/aperturs-t3/apps/web/.next/server/chunks/8038.js:5:849)
      at /Users/kate/Developer/react/aperturs/aperturs-t3/apps/web/.next/server/chunks/8038.js:5:977
      at Object.subscribe (/Users/kate/Developer/react/aperturs/aperturs-t3/apps/web/.next/server/chunks/8038.js:5:5299)
      at /Users/kate/Developer/react/aperturs/aperturs-t3/apps/web/.next/server/chunks/8038.js:5:1437 {
    description: "Page couldn't be rendered statically because it used `cookies`. See more info here: https://nextjs.org/docs/messages/dynamic-server-error",
    digest: 'DYNAMIC_SERVER_USAGE'
  }
}
c [TRPCClientError]: Dynamic server usage: Page couldn't be rendered statically because it used `cookies`. See more info here: https://nextjs.org/docs/messages/dynamic-server-error
    at c.from (/Users/kate/Developer/react/aperturs/aperturs-t3/apps/web/.next/server/chunks/8038.js:1:2755)
    at /Users/kate/Developer/react/aperturs/aperturs-t3/apps/web/.next/server/chunks/8038.js:5:2192 {
  meta: undefined,
  shape: undefined,
  data: undefined,
  [cause]: o [Error]: Dynamic server usage: Page couldn't be rendered statically because it used `cookies`. See more info here: https://nextjs.org/docs/messages/dynamic-server-error
      at d (/Users/kate/Developer/react/aperturs/aperturs-t3/apps/web/.next/server/chunks/4677.js:1:4077)
      at c (/Users/kate/Developer/react/aperturs/aperturs-t3/apps/web/.next/server/chunks/4677.js:1:1555)
      at /Users/kate/Developer/react/aperturs/aperturs-t3/apps/web/.next/server/app/(personal)/(projects)/project/page.js:21:9514
      at /Users/kate/Developer/react/aperturs/aperturs-t3/node_modules/.pnpm/next@14.1.0_react-dom@18.2.0_react@18.2.0/node_modules/next/dist/compiled/next-server/app-page.runtime.prod.js:12:182068
      at /Users/kate/Developer/react/aperturs/aperturs-t3/apps/web/.next/server/app/(personal)/(projects)/project/page.js:21:9685
      at Object.subscribe (/Users/kate/Developer/react/aperturs/aperturs-t3/apps/web/.next/server/chunks/8038.js:5:5299)
      at Object.subscribe (/Users/kate/Developer/react/aperturs/aperturs-t3/apps/web/.next/server/chunks/8038.js:5:849)
      at /Users/kate/Developer/react/aperturs/aperturs-t3/apps/web/.next/server/chunks/8038.js:5:977
      at Object.subscribe (/Users/kate/Developer/react/aperturs/aperturs-t3/apps/web/.next/server/chunks/8038.js:5:5299)
      at /Users/kate/Developer/react/aperturs/aperturs-t3/apps/web/.next/server/chunks/8038.js:5:1437 {
    description: "Page couldn't be rendered statically because it used `cookies`. See more info here: https://nextjs.org/docs/messages/dynamic-server-error",
    digest: 'DYNAMIC_SERVER_USAGE'
  }
}
c [TRPCClientError]: Dynamic server usage: Page couldn't be rendered statically because it used `cookies`. See more info here: https://nextjs.org/docs/messages/dynamic-server-error
    at c.from (/Users/kate/Developer/react/aperturs/aperturs-t3/apps/web/.next/server/chunks/8038.js:1:2755)
    at /Users/kate/Developer/react/aperturs/aperturs-t3/apps/web/.next/server/chunks/8038.js:5:2192 {
  meta: undefined,
  shape: undefined,
  data: undefined,
  [cause]: o [Error]: Dynamic server usage: Page couldn't be rendered statically because it used `cookies`. See more info here: https://nextjs.org/docs/messages/dynamic-server-error
      at d (/Users/kate/Developer/react/aperturs/aperturs-t3/apps/web/.next/server/chunks/4677.js:1:4077)
      at c (/Users/kate/Developer/react/aperturs/aperturs-t3/apps/web/.next/server/chunks/4677.js:1:1555)
      at /Users/kate/Developer/react/aperturs/aperturs-t3/apps/web/.next/server/app/(personal)/(projects)/project/page.js:21:9514
      at /Users/kate/Developer/react/aperturs/aperturs-t3/node_modules/.pnpm/next@14.1.0_react-dom@18.2.0_react@18.2.0/node_modules/next/dist/compiled/next-server/app-page.runtime.prod.js:12:182068
      at /Users/kate/Developer/react/aperturs/aperturs-t3/apps/web/.next/server/app/(personal)/(projects)/project/page.js:21:9685
      at Object.subscribe (/Users/kate/Developer/react/aperturs/aperturs-t3/apps/web/.next/server/chunks/8038.js:5:5299)
      at Object.subscribe (/Users/kate/Developer/react/aperturs/aperturs-t3/apps/web/.next/server/chunks/8038.js:5:849)
      at /Users/kate/Developer/react/aperturs/aperturs-t3/apps/web/.next/server/chunks/8038.js:5:977
      at Object.subscribe (/Users/kate/Developer/react/aperturs/aperturs-t3/apps/web/.next/server/chunks/8038.js:5:5299)
      at /Users/kate/Developer/react/aperturs/aperturs-t3/apps/web/.next/server/chunks/8038.js:5:1437 {
    description: "Page couldn't be rendered statically because it used `cookies`. See more info here: https://nextjs.org/docs/messages/dynamic-server-error",
    digest: 'DYNAMIC_SERVER_USAGE'
  }
}
c [TRPCClientError]: Dynamic server usage: Page couldn't be rendered statically because it used `cookies`. See more info here: https://nextjs.org/docs/messages/dynamic-server-error
    at c.from (/Users/kate/Developer/react/aperturs/aperturs-t3/apps/web/.next/server/chunks/8038.js:1:2755)
    at /Users/kate/Developer/react/aperturs/aperturs-t3/apps/web/.next/server/chunks/8038.js:5:2192 {
  meta: undefined,
  shape: undefined,
  data: undefined,
  [cause]: o [Error]: Dynamic server usage: Page couldn't be rendered statically because it used `cookies`. See more info here: https://nextjs.org/docs/messages/dynamic-server-error
      at d (/Users/kate/Developer/react/aperturs/aperturs-t3/apps/web/.next/server/chunks/4677.js:1:4077)
      at c (/Users/kate/Developer/react/aperturs/aperturs-t3/apps/web/.next/server/chunks/4677.js:1:1555)
      at /Users/kate/Developer/react/aperturs/aperturs-t3/apps/web/.next/server/app/(personal)/profile/page.js:1:18172
      at /Users/kate/Developer/react/aperturs/aperturs-t3/node_modules/.pnpm/next@14.1.0_react-dom@18.2.0_react@18.2.0/node_modules/next/dist/compiled/next-server/app-page.runtime.prod.js:12:182068
      at /Users/kate/Developer/react/aperturs/aperturs-t3/apps/web/.next/server/app/(personal)/profile/page.js:1:18343
      at Object.subscribe (/Users/kate/Developer/react/aperturs/aperturs-t3/apps/web/.next/server/chunks/8038.js:5:5299)
      at Object.subscribe (/Users/kate/Developer/react/aperturs/aperturs-t3/apps/web/.next/server/chunks/8038.js:5:849)
      at /Users/kate/Developer/react/aperturs/aperturs-t3/apps/web/.next/server/chunks/8038.js:5:977
      at Object.subscribe (/Users/kate/Developer/react/aperturs/aperturs-t3/apps/web/.next/server/chunks/8038.js:5:5299)
      at /Users/kate/Developer/react/aperturs/aperturs-t3/apps/web/.next/server/chunks/8038.js:5:1437 {
    description: "Page couldn't be rendered statically because it used `cookies`. See more info here: https://nextjs.org/docs/messages/dynamic-server-error",
    digest: 'DYNAMIC_SERVER_USAGE'
  }
}
c [TRPCClientError]: Dynamic server usage: Page couldn't be rendered statically because it used `cookies`. See more info here: https://nextjs.org/docs/messages/dynamic-server-error
    at c.from (/Users/kate/Developer/react/aperturs/aperturs-t3/apps/web/.next/server/chunks/8038.js:1:2755)
    at /Users/kate/Developer/react/aperturs/aperturs-t3/apps/web/.next/server/chunks/8038.js:5:2192 {
  meta: undefined,
  shape: undefined,
  data: undefined,
  [cause]: o [Error]: Dynamic server usage: Page couldn't be rendered statically because it used `cookies`. See more info here: https://nextjs.org/docs/messages/dynamic-server-error
      at d (/Users/kate/Developer/react/aperturs/aperturs-t3/apps/web/.next/server/chunks/4677.js:1:4077)
      at c (/Users/kate/Developer/react/aperturs/aperturs-t3/apps/web/.next/server/chunks/4677.js:1:1555)
      at /Users/kate/Developer/react/aperturs/aperturs-t3/apps/web/.next/server/app/(personal)/profile/page.js:1:18172
      at /Users/kate/Developer/react/aperturs/aperturs-t3/node_modules/.pnpm/next@14.1.0_react-dom@18.2.0_react@18.2.0/node_modules/next/dist/compiled/next-server/app-page.runtime.prod.js:12:182068
      at /Users/kate/Developer/react/aperturs/aperturs-t3/apps/web/.next/server/app/(personal)/profile/page.js:1:18343
      at Object.subscribe (/Users/kate/Developer/react/aperturs/aperturs-t3/apps/web/.next/server/chunks/8038.js:5:5299)
      at Object.subscribe (/Users/kate/Developer/react/aperturs/aperturs-t3/apps/web/.next/server/chunks/8038.js:5:849)
      at /Users/kate/Developer/react/aperturs/aperturs-t3/apps/web/.next/server/chunks/8038.js:5:977
      at Object.subscribe (/Users/kate/Developer/react/aperturs/aperturs-t3/apps/web/.next/server/chunks/8038.js:5:5299)
      at /Users/kate/Developer/react/aperturs/aperturs-t3/apps/web/.next/server/chunks/8038.js:5:1437 {
    description: "Page couldn't be rendered statically because it used `cookies`. See more info here: https://nextjs.org/docs/messages/dynamic-server-error",
    digest: 'DYNAMIC_SERVER_USAGE'
  }
}
[2K[1G[1A[2K[1G [37m[1m [22m[39m Generating static pages (0/30)  [36m[==  ][39m  [37m[1m [22m[39m Generating static pages (28/30) 
[2K[1G[1A[2K[1G [37m[1m [22m[39m Generating static pages (0/30)  [36m[=== ][39m  [37m[1m [22m[39m Generating static pages (28/30) 
[2K[1G[1A[2K[1G[?25h [32m[1m✓[22m[39m Generating static pages (30/30) 
[?25l [37m[1m [22m[39m Finalizing page optimization  [36m.[39m[?25l [37m[1m [22m[39m Collecting build traces  [36m.[39m[2K[1G[?25h [37m[1m [22m[39m Collecting build traces     [32m[1m✓[22m[39m Collecting build traces 
[2K[1G[?25h [37m[1m [22m[39m Finalizing page optimization     [32m[1m✓[22m[39m Finalizing page optimization 

[4mRoute (app)[24m                                [4mSize[24m     [4mFirst Load JS[24m
┌ λ /_not-found                            894 B          [37m[1m85.3 kB[22m[39m
├ λ /api/callback/linkedln                 0 B                [37m[1m0 B[22m[39m
├ λ /api/s3-upload                         0 B                [37m[1m0 B[22m[39m
├ λ /api/trpc/[trpc]                       0 B                [37m[1m0 B[22m[39m
├ λ /api/webhooks/subscription             0 B                [37m[1m0 B[22m[39m
├ λ /api/webhooks/user                     0 B                [37m[1m0 B[22m[39m
├ λ /dashboard                             3.01 kB         [37m[1m112 kB[22m[39m
├ λ /drafts                                390 B           [37m[1m182 kB[22m[39m
├ λ /organisation/[orgid]/dashboard        164 B          [37m[1m84.6 kB[22m[39m
├ λ /organisation/[orgid]/drafts           164 B          [37m[1m84.6 kB[22m[39m
├ λ /organisation/[orgid]/ideas            165 B          [37m[1m84.6 kB[22m[39m
├ λ /organisation/[orgid]/post             554 B           [37m[1m299 kB[22m[39m
├ λ /organisation/[orgid]/post/[postid]    164 B          [37m[1m84.6 kB[22m[39m
├ λ /organisation/[orgid]/queue            164 B          [37m[1m84.6 kB[22m[39m
├ λ /organisation/[orgid]/settings         164 B          [37m[1m84.6 kB[22m[39m
├ λ /organisation/[orgid]/socials          164 B          [37m[1m84.6 kB[22m[39m
├ λ /organisation/[orgid]/team             51.1 kB         [37m[1m227 kB[22m[39m
├ λ /organisation/invite/[inviteid]        4.66 kB         [37m[1m203 kB[22m[39m
├ λ /post                                  554 B           [37m[1m299 kB[22m[39m
├ λ /post/[id]                             643 B           [37m[1m299 kB[22m[39m
├ λ /profile                               6.33 kB         [37m[1m142 kB[22m[39m
├ λ /project                               80.7 kB         [37m[1m264 kB[22m[39m
├ λ /project/[id]/commits                  10.4 kB         [37m[1m197 kB[22m[39m
├ λ /project/[id]/drafts                   246 B           [37m[1m174 kB[22m[39m
├ λ /project/[id]/settings                 4.13 kB         [37m[1m125 kB[22m[39m
├ λ /queue                                 1.29 kB        [37m[1m92.5 kB[22m[39m
├ λ /sign-in/[[...sign-in]]                2.92 kB         [37m[1m105 kB[22m[39m
├ λ /sign-up/[[...sign-up]]                2.92 kB         [37m[1m105 kB[22m[39m
└ λ /socials                               5.45 kB         [37m[1m167 kB[22m[39m
+ First Load JS shared by all              [37m[1m84.4 kB[22m[39m
  ├ chunks/14720756-7a8a5cc4828b7d7d.js    53.3 kB
  ├ chunks/4726-6f41478b6d0b93e0.js        29 kB
  └ other shared chunks (total)            2.1 kB

[4mRoute (pages)[24m                              [4mSize[24m     [4mFirst Load JS[24m
┌ ○ /                                      336 B           [37m[1m152 kB[22m[39m
├   /_app                                  0 B             [37m[1m152 kB[22m[39m
├ ○ /404                                   592 B           [37m[1m155 kB[22m[39m
├ λ /api/callback/github                   0 B             [37m[1m152 kB[22m[39m
├ λ /api/callback/test                     0 B             [37m[1m152 kB[22m[39m
├ λ /api/callback/twitter                  0 B             [37m[1m152 kB[22m[39m
├ λ /api/lens/upload                       0 B             [37m[1m152 kB[22m[39m
├ λ /api/post/schedule                     0 B             [37m[1m152 kB[22m[39m
├ λ /api/trigger                           0 B             [37m[1m152 kB[22m[39m
├ λ /api/webhooks/userx                    0 B             [37m[1m152 kB[22m[39m
├ ○ /ideas                                 382 B           [37m[1m311 kB[22m[39m
├ ○ /notifications                         377 B           [37m[1m311 kB[22m[39m
├ ○ /onboarding                            581 B           [37m[1m152 kB[22m[39m
├ ○ /onboarding/addSocial                  4 kB            [37m[1m179 kB[22m[39m
├ ○ /project/[id]/context                  37.2 kB         [37m[1m349 kB[22m[39m
└ ○ /socials/twitter                       1.97 kB         [37m[1m157 kB[22m[39m
+ First Load JS shared by all              [37m[1m162 kB[22m[39m
  ├ chunks/framework-921aa76ea0574d3d.js   66.8 kB
  ├ chunks/main-bf08a899b57ba193.js        32.6 kB
  ├ chunks/pages/_app-1aa0b1b94687b250.js  50.3 kB
  ├ css/390f3af090e5f564.css               10.8 kB
  └ other shared chunks (total)            1.87 kB

ƒ Middleware                               [37m[1m220 kB[22m[39m

○  (Static)   prerendered as static content
λ  (Dynamic)  server-rendered on demand using Node.js

[?25h
